<?xml version="1.0" encoding="UTF-8"?>
<!-- Generated by org.testng.reporters.JUnitReportReporter -->
<testsuite hostname="LFCPC" failures="0" tests="1" name="prueba.NewTest" time="2.864" errors="0" timestamp="2023-07-22T10:45:26 CST" skipped="0">
  <testcase classname="prueba.NewTest" name="tc01" time="2.864"/>
</testsuite> <!-- prueba.NewTest -->
